<?xml version="1.0" encoding="UTF-8"?>
<!-- Generated by org.testng.reporters.JUnitReportReporter -->
<testsuite ignored="0" hostname="DESKTOP-RTOOT5Q" failures="0" tests="3" name="com.qtpselenium.rediff.testcases.LoginTest" time="35.890" errors="0" timestamp="03 Dec 2019 02:58:12 GMT" skipped="2">
  <testcase classname="com.qtpselenium.rediff.testcases.LoginTest" name="doLogin" time="32.991"/>
  <testcase classname="com.qtpselenium.rediff.testcases.LoginTest" name="doLogin" time="1.409">
    <skipped/>
  </testcase> <!-- doLogin -->
  <testcase classname="com.qtpselenium.rediff.testcases.LoginTest" name="doLogin" time="1.490">
    <skipped/>
  </testcase> <!-- doLogin -->
</testsuite> <!-- com.qtpselenium.rediff.testcases.LoginTest -->
