<?xml version="1.0" encoding="UTF-8"?>
<!-- Generated by org.testng.reporters.JUnitReportReporter -->
<testsuite ignored="0" hostname="DESKTOP-RTOOT5Q" failures="0" tests="1" name="com.qtpselenium.rediff.testcases.CreatePortfolioTest" time="50.382" errors="0" timestamp="03 Dec 2019 02:58:12 GMT" skipped="0">
  <testcase classname="com.qtpselenium.rediff.testcases.CreatePortfolioTest" name="doLogin" time="50.382"/>
</testsuite> <!-- com.qtpselenium.rediff.testcases.CreatePortfolioTest -->
